<?xml version="1.0" encoding="UTF-8"?><testrun name="BoardManagerTest" project="ChessAlgorithms" tests="41" started="41" failures="0" errors="2" ignored="0">
  <testsuite name="com.capgemini.chess.algorithms.implementation.BoardManagerTest" time="0.024">
    <testcase name="testUpdateBoardStateCheckMate" classname="com.capgemini.chess.algorithms.implementation.BoardManagerTest" time="0.007"/>
    <testcase name="testPerformMoveInvalidPawnAttackDestination" classname="com.capgemini.chess.algorithms.implementation.BoardManagerTest" time="0.001"/>
    <testcase name="testPerformMoveInvalidKingWouldBeChecked" classname="com.capgemini.chess.algorithms.implementation.BoardManagerTest" time="0.0"/>
    <testcase name="testGenerateBoardCastling" classname="com.capgemini.chess.algorithms.implementation.BoardManagerTest" time="0.0"/>
    <testcase name="testPerformMoveInvalidCastlingKingUnderCheck" classname="com.capgemini.chess.algorithms.implementation.BoardManagerTest" time="0.001"/>
    <testcase name="testGenerateBoardEnPassant" classname="com.capgemini.chess.algorithms.implementation.BoardManagerTest" time="0.0"/>
    <testcase name="testPerformMoveInvalidOwnPieceCapture" classname="com.capgemini.chess.algorithms.implementation.BoardManagerTest" time="0.0"/>
    <testcase name="testPerformMoveInvalidIndexOutOfBound" classname="com.capgemini.chess.algorithms.implementation.BoardManagerTest" time="0.0"/>
    <testcase name="testPerformMoveEnPassant" classname="com.capgemini.chess.algorithms.implementation.BoardManagerTest" time="0.004">
      <error>java.lang.NullPointerException&#13;
	at com.capgemini.chess.algorithms.implementation.EnPassantValidator.validateEnPassant(EnPassantValidator.java:35)&#13;
	at com.capgemini.chess.algorithms.implementation.PossibleMoveManager.checkMovePossibility(PossibleMoveManager.java:30)&#13;
	at com.capgemini.chess.algorithms.implementation.BoardManager.validateMove(BoardManager.java:249)&#13;
	at com.capgemini.chess.algorithms.implementation.BoardManager.performMove(BoardManager.java:66)&#13;
	at com.capgemini.chess.algorithms.implementation.BoardManagerTest.testPerformMoveEnPassant(BoardManagerTest.java:285)&#13;
	at sun.reflect.NativeMethodAccessorImpl.invoke0(Native Method)&#13;
	at sun.reflect.NativeMethodAccessorImpl.invoke(NativeMethodAccessorImpl.java:62)&#13;
	at sun.reflect.DelegatingMethodAccessorImpl.invoke(DelegatingMethodAccessorImpl.java:43)&#13;
	at java.lang.reflect.Method.invoke(Method.java:497)&#13;
	at org.junit.runners.model.FrameworkMethod$1.runReflectiveCall(FrameworkMethod.java:50)&#13;
	at org.junit.internal.runners.model.ReflectiveCallable.run(ReflectiveCallable.java:12)&#13;
	at org.junit.runners.model.FrameworkMethod.invokeExplosively(FrameworkMethod.java:47)&#13;
	at org.junit.internal.runners.statements.InvokeMethod.evaluate(InvokeMethod.java:17)&#13;
	at org.junit.runners.ParentRunner.runLeaf(ParentRunner.java:325)&#13;
	at org.junit.runners.BlockJUnit4ClassRunner.runChild(BlockJUnit4ClassRunner.java:78)&#13;
	at org.junit.runners.BlockJUnit4ClassRunner.runChild(BlockJUnit4ClassRunner.java:57)&#13;
	at org.junit.runners.ParentRunner$3.run(ParentRunner.java:290)&#13;
	at org.junit.runners.ParentRunner$1.schedule(ParentRunner.java:71)&#13;
	at org.junit.runners.ParentRunner.runChildren(ParentRunner.java:288)&#13;
	at org.junit.runners.ParentRunner.access$000(ParentRunner.java:58)&#13;
	at org.junit.runners.ParentRunner$2.evaluate(ParentRunner.java:268)&#13;
	at org.junit.runners.ParentRunner.run(ParentRunner.java:363)&#13;
	at org.eclipse.jdt.internal.junit4.runner.JUnit4TestReference.run(JUnit4TestReference.java:86)&#13;
	at org.eclipse.jdt.internal.junit.runner.TestExecution.run(TestExecution.java:38)&#13;
	at org.eclipse.jdt.internal.junit.runner.RemoteTestRunner.runTests(RemoteTestRunner.java:459)&#13;
	at org.eclipse.jdt.internal.junit.runner.RemoteTestRunner.runTests(RemoteTestRunner.java:675)&#13;
	at org.eclipse.jdt.internal.junit.runner.RemoteTestRunner.run(RemoteTestRunner.java:382)&#13;
	at org.eclipse.jdt.internal.junit.runner.RemoteTestRunner.main(RemoteTestRunner.java:192)&#13;
&#13;
</error>
    </testcase>
    <testcase name="testCheckThreefoldRepetitionRuleSuccessful" classname="com.capgemini.chess.algorithms.implementation.BoardManagerTest" time="0.0"/>
    <testcase name="testPerformMoveInvalidPawnCaptureDestination" classname="com.capgemini.chess.algorithms.implementation.BoardManagerTest" time="0.001"/>
    <testcase name="testUpdateBoardStateStaleMate" classname="com.capgemini.chess.algorithms.implementation.BoardManagerTest" time="0.0"/>
    <testcase name="testPerformMoveRookCapture" classname="com.capgemini.chess.algorithms.implementation.BoardManagerTest" time="0.001"/>
    <testcase name="testPerformMoveInvalidKnightDestination" classname="com.capgemini.chess.algorithms.implementation.BoardManagerTest" time="0.0"/>
    <testcase name="testPerformMoveInvalidKingDistance" classname="com.capgemini.chess.algorithms.implementation.BoardManagerTest" time="0.001"/>
    <testcase name="testPerformMoveInvalidCastlingWithPiecesBetween" classname="com.capgemini.chess.algorithms.implementation.BoardManagerTest" time="0.0"/>
    <testcase name="testPerformMoveInvalidMoveOrder" classname="com.capgemini.chess.algorithms.implementation.BoardManagerTest" time="0.001"/>
    <testcase name="testPerformMoveKingAttack" classname="com.capgemini.chess.algorithms.implementation.BoardManagerTest" time="0.0"/>
    <testcase name="testUpdateBoardStateRegular" classname="com.capgemini.chess.algorithms.implementation.BoardManagerTest" time="0.0"/>
    <testcase name="testUpdateBoardStateCheck" classname="com.capgemini.chess.algorithms.implementation.BoardManagerTest" time="0.0"/>
    <testcase name="testPerformMoveQueenCapture" classname="com.capgemini.chess.algorithms.implementation.BoardManagerTest" time="0.001"/>
    <testcase name="testPerformMoveCastling" classname="com.capgemini.chess.algorithms.implementation.BoardManagerTest" time="0.0">
      <error>com.capgemini.chess.algorithms.implementation.exceptions.InvalidMoveException: Invalid move!&#13;
	at com.capgemini.chess.algorithms.implementation.BoardManager.validateMove(BoardManager.java:251)&#13;
	at com.capgemini.chess.algorithms.implementation.BoardManager.performMove(BoardManager.java:66)&#13;
	at com.capgemini.chess.algorithms.implementation.BoardManagerTest.testPerformMoveCastling(BoardManagerTest.java:266)&#13;
	at sun.reflect.NativeMethodAccessorImpl.invoke0(Native Method)&#13;
	at sun.reflect.NativeMethodAccessorImpl.invoke(NativeMethodAccessorImpl.java:62)&#13;
	at sun.reflect.DelegatingMethodAccessorImpl.invoke(DelegatingMethodAccessorImpl.java:43)&#13;
	at java.lang.reflect.Method.invoke(Method.java:497)&#13;
	at org.junit.runners.model.FrameworkMethod$1.runReflectiveCall(FrameworkMethod.java:50)&#13;
	at org.junit.internal.runners.model.ReflectiveCallable.run(ReflectiveCallable.java:12)&#13;
	at org.junit.runners.model.FrameworkMethod.invokeExplosively(FrameworkMethod.java:47)&#13;
	at org.junit.internal.runners.statements.InvokeMethod.evaluate(InvokeMethod.java:17)&#13;
	at org.junit.runners.ParentRunner.runLeaf(ParentRunner.java:325)&#13;
	at org.junit.runners.BlockJUnit4ClassRunner.runChild(BlockJUnit4ClassRunner.java:78)&#13;
	at org.junit.runners.BlockJUnit4ClassRunner.runChild(BlockJUnit4ClassRunner.java:57)&#13;
	at org.junit.runners.ParentRunner$3.run(ParentRunner.java:290)&#13;
	at org.junit.runners.ParentRunner$1.schedule(ParentRunner.java:71)&#13;
	at org.junit.runners.ParentRunner.runChildren(ParentRunner.java:288)&#13;
	at org.junit.runners.ParentRunner.access$000(ParentRunner.java:58)&#13;
	at org.junit.runners.ParentRunner$2.evaluate(ParentRunner.java:268)&#13;
	at org.junit.runners.ParentRunner.run(ParentRunner.java:363)&#13;
	at org.eclipse.jdt.internal.junit4.runner.JUnit4TestReference.run(JUnit4TestReference.java:86)&#13;
	at org.eclipse.jdt.internal.junit.runner.TestExecution.run(TestExecution.java:38)&#13;
	at org.eclipse.jdt.internal.junit.runner.RemoteTestRunner.runTests(RemoteTestRunner.java:459)&#13;
	at org.eclipse.jdt.internal.junit.runner.RemoteTestRunner.runTests(RemoteTestRunner.java:675)&#13;
	at org.eclipse.jdt.internal.junit.runner.RemoteTestRunner.run(RemoteTestRunner.java:382)&#13;
	at org.eclipse.jdt.internal.junit.runner.RemoteTestRunner.main(RemoteTestRunner.java:192)&#13;
&#13;
</error>
    </testcase>
    <testcase name="testPerformMoveInvalidSameSpot" classname="com.capgemini.chess.algorithms.implementation.BoardManagerTest" time="0.001"/>
    <testcase name="testPerformMoveInvalidRookLeapsOver" classname="com.capgemini.chess.algorithms.implementation.BoardManagerTest" time="0.0"/>
    <testcase name="testPerformMoveKnightCapture" classname="com.capgemini.chess.algorithms.implementation.BoardManagerTest" time="0.0"/>
    <testcase name="testGenerateBoardPromotion" classname="com.capgemini.chess.algorithms.implementation.BoardManagerTest" time="0.0"/>
    <testcase name="testGenerateBoardAttack" classname="com.capgemini.chess.algorithms.implementation.BoardManagerTest" time="0.0"/>
    <testcase name="testPerformMovePawnAttack" classname="com.capgemini.chess.algorithms.implementation.BoardManagerTest" time="0.001"/>
    <testcase name="testPerformMoveBishopAttack" classname="com.capgemini.chess.algorithms.implementation.BoardManagerTest" time="0.0"/>
    <testcase name="testCheckFiftyMoveRuleUnsuccessfulPawnMoved" classname="com.capgemini.chess.algorithms.implementation.BoardManagerTest" time="0.0"/>
    <testcase name="testCheckFiftyMoveRuleUnsuccessfulNotEnoughMoves" classname="com.capgemini.chess.algorithms.implementation.BoardManagerTest" time="0.0"/>
    <testcase name="testCheckFiftyMoveRuleSuccessful" classname="com.capgemini.chess.algorithms.implementation.BoardManagerTest" time="0.001"/>
    <testcase name="testCheckThreefoldRepetitionRuleUnsuccessful" classname="com.capgemini.chess.algorithms.implementation.BoardManagerTest" time="0.0"/>
    <testcase name="testPerformMoveInvalidEmptySpot" classname="com.capgemini.chess.algorithms.implementation.BoardManagerTest" time="0.0"/>
    <testcase name="testGenerateBoardInitialPosition" classname="com.capgemini.chess.algorithms.implementation.BoardManagerTest" time="0.0"/>
    <testcase name="testPerformMoveInvalidQueenLeapsOver" classname="com.capgemini.chess.algorithms.implementation.BoardManagerTest" time="0.001"/>
    <testcase name="testPerformMoveInvalidCastlingPiecesMoved" classname="com.capgemini.chess.algorithms.implementation.BoardManagerTest" time="0.0"/>
    <testcase name="testPerformMoveInvalidPawnAttackDistance" classname="com.capgemini.chess.algorithms.implementation.BoardManagerTest" time="0.0"/>
    <testcase name="testPerformMoveInvalidPawnBackwardMove" classname="com.capgemini.chess.algorithms.implementation.BoardManagerTest" time="0.0"/>
    <testcase name="testGenerateBoardCapture" classname="com.capgemini.chess.algorithms.implementation.BoardManagerTest" time="0.0"/>
    <testcase name="testPerformMoveInvalidBishopDestination" classname="com.capgemini.chess.algorithms.implementation.BoardManagerTest" time="0.001"/>
  </testsuite>
</testrun>
